<?xml version="1.0" encoding="UTF-8"?>
<!-- Generated by org.testng.reporters.JUnitReportReporter -->
<testsuite hostname="Swatis-MacBook-Pro.local" failures="0" tests="1" name="seleniumDemoTest.GoogleSearchTest" time="9.546" errors="0" timestamp="2024-08-23T11:13:58 PDT" skipped="0">
  <testcase classname="seleniumDemoTest.GoogleSearchTest" name="testOpenGoogle" time="9.546"/>
  <system-out/>
</testsuite> <!-- seleniumDemoTest.GoogleSearchTest -->
